2024-10-15 09:41:12.404 | INFO     | __main__:<module>:19 - Уникальный id выдан успешно
2024-10-15 09:41:13.246 | INFO     | __main__:<module>:34 - Подписка прошла успешно
2024-10-15 09:41:17.541 | INFO     | __main__:<module>:13 - Уникальный id выдан успешно
2024-10-15 09:41:17.749 | INFO     | __main__:<module>:30 - Успешно отправлено сообщение - Зачем ты это принимаешь? Ну на тогда рандомное число: 5
2024-10-15 09:41:19.160 | INFO     | __main__:on_message:14 - Успешно принято сообщение - Зачем ты это принимаешь? Ну на тогда рандомное число: 5
2024-10-15 09:41:19.752 | INFO     | __main__:<module>:30 - Успешно отправлено сообщение - Зачем ты это принимаешь? Ну на тогда рандомное число: 2
2024-10-15 09:41:20.898 | INFO     | __main__:on_message:14 - Успешно принято сообщение - Зачем ты это принимаешь? Ну на тогда рандомное число: 2
2024-10-15 09:41:21.757 | INFO     | __main__:<module>:30 - Успешно отправлено сообщение - Зачем ты это принимаешь? Ну на тогда рандомное число: 98
2024-10-15 09:41:22.975 | INFO     | __main__:on_message:14 - Успешно принято сообщение - Зачем ты это принимаешь? Ну на тогда рандомное число: 98
2024-10-15 09:45:22.771 | INFO     | __main__:<module>:19 - Уникальный id выдан успешно
2024-10-15 09:45:23.548 | INFO     | __main__:<module>:34 - Подписка прошла успешно
2024-10-15 09:47:10.218 | ERROR    | __main__:<module>:21 - Сервер не запущен
2024-10-15 09:47:33.301 | ERROR    | __main__:<module>:21 - Сервер не запущен
2024-10-15 09:49:00.787 | ERROR    | __main__:<module>:21 - Сервер не запущен
2024-10-15 09:49:42.329 | ERROR    | __main__:<module>:21 - Сервер не запущен
2024-10-15 09:49:43.110 | ERROR    | __main__:<module>:21 - Сервер не запущен
2024-10-15 09:50:34.591 | ERROR    | __main__:<module>:21 - Сервер не запущен
2024-10-15 09:50:52.066 | INFO     | __main__:<module>:19 - Уникальный id выдан успешно
2024-10-15 09:50:52.327 | INFO     | __main__:<module>:34 - Подписка прошла успешно
2024-10-15 09:51:14.570 | INFO     | __main__:<module>:19 - Уникальный id выдан успешно
2024-10-15 09:51:14.737 | INFO     | __main__:<module>:34 - Подписка прошла успешно
2024-10-15 09:54:47.020 | INFO     | __main__:<module>:19 - Уникальный id выдан успешно
2024-10-15 09:54:47.830 | INFO     | __main__:<module>:34 - Подписка прошла успешно
2024-10-15 09:55:41.655 | INFO     | __main__:<module>:19 - Уникальный id выдан успешно
2024-10-15 09:55:41.935 | INFO     | __main__:<module>:34 - Подписка прошла успешно
2024-10-15 10:01:11.648 | ERROR    | __main__:<module>:21 - Сервер не запущен
2024-10-15 10:01:32.981 | ERROR    | __main__:<module>:21 - Сервер не запущен
2024-10-15 10:01:37.603 | ERROR    | __main__:<module>:21 - Сервер не запущен
2024-10-15 10:02:04.527 | ERROR    | __main__:<module>:21 - Сервер не запущен
2024-10-15 10:04:48.427 | ERROR    | __main__:<module>:21 - Сервер не запущен
2024-10-15 10:04:57.215 | ERROR    | __main__:<module>:21 - Сервер не запущен
2024-10-15 10:05:44.654 | ERROR    | __main__:<module>:21 - Сервер не запущен
2024-10-15 10:06:31.392 | ERROR    | __main__:<module>:21 - Сервер не запущен
2024-10-15 10:06:37.179 | ERROR    | __main__:<module>:21 - Сервер не запущен
2024-10-15 10:09:04.875 | ERROR    | __main__:<module>:21 - Сервер не запущен
2024-10-15 10:11:08.716 | ERROR    | __main__:<module>:21 - Сервер не запущен
2024-10-15 10:12:02.555 | ERROR    | __main__:<module>:21 - Сервер не запущен
2024-10-15 10:12:21.929 | ERROR    | __main__:<module>:21 - Сервер не запущен
2024-10-15 10:14:38.325 | ERROR    | __main__:<module>:21 - Сервер не запущен
2024-10-15 10:15:05.683 | ERROR    | __main__:<module>:21 - Сервер не запущен
2024-10-15 10:15:50.668 | ERROR    | __main__:<module>:21 - Сервер не запущен
2024-10-15 10:16:21.599 | ERROR    | __main__:<module>:21 - Сервер не запущен
2024-10-15 10:17:40.370 | ERROR    | __main__:<module>:21 - Сервер не запущен
2024-10-15 10:18:22.862 | ERROR    | __main__:<module>:21 - Сервер не запущен
2024-10-15 10:19:19.760 | INFO     | __main__:<module>:26 - Уникальный id выдан успешно
2024-10-15 10:19:39.726 | INFO     | __main__:<module>:26 - Уникальный id выдан успешно
2024-10-15 10:19:40.024 | INFO     | __main__:<module>:41 - Подписка прошла успешно
2024-10-15 10:19:50.144 | INFO     | __main__:on_message:20 - Успешно принято сообщение - Зачем ты это принимаешь? Ну на тогда рандомное число: 74
2024-10-15 10:19:51.881 | INFO     | __main__:on_message:20 - Успешно принято сообщение - Зачем ты это принимаешь? Ну на тогда рандомное число: 33
2024-10-15 10:19:54.029 | INFO     | __main__:on_message:20 - Успешно принято сообщение - Зачем ты это принимаешь? Ну на тогда рандомное число: 9
2024-10-15 10:26:18.676 | INFO     | __main__:<module>:54 - Уникальный id выдан успешно
2024-10-15 10:26:19.261 | INFO     | __main__:<module>:69 - Подписка прошла успешно
2024-10-15 10:51:09.173 | INFO     | __main__:<module>:43 - Уникальный id выдан успешно
2024-10-15 10:51:09.470 | INFO     | __main__:<module>:58 - Подписка прошла успешно
2024-10-15 10:51:12.826 | INFO     | __main__:on_message:30 - Успешно принято сообщение - off
2024-10-15 10:51:14.809 | INFO     | __main__:on_message:30 - Успешно принято сообщение - off
2024-10-15 10:51:16.820 | INFO     | __main__:on_message:30 - Успешно принято сообщение - off
2024-10-15 10:51:28.083 | INFO     | __main__:on_message:30 - Успешно принято сообщение - on
2024-10-15 10:51:29.893 | INFO     | __main__:on_message:30 - Успешно принято сообщение - on
2024-10-15 10:51:31.974 | INFO     | __main__:on_message:30 - Успешно принято сообщение - on
2024-10-15 10:51:33.874 | INFO     | __main__:on_message:30 - Успешно принято сообщение - on
2024-10-15 10:51:35.866 | INFO     | __main__:on_message:30 - Успешно принято сообщение - off
2024-10-15 10:51:37.890 | INFO     | __main__:on_message:30 - Успешно принято сообщение - on
2024-10-15 10:51:39.964 | INFO     | __main__:on_message:30 - Успешно принято сообщение - off
2024-10-15 10:51:42.023 | INFO     | __main__:on_message:30 - Успешно принято сообщение - off
2024-10-15 10:51:44.161 | INFO     | __main__:on_message:30 - Успешно принято сообщение - on
2024-10-15 10:51:46.003 | INFO     | __main__:on_message:30 - Успешно принято сообщение - off
2024-10-15 10:56:13.892 | INFO     | __main__:on_message:30 - Успешно принято сообщение - on
2024-10-15 10:56:41.027 | INFO     | __main__:<module>:43 - Уникальный id выдан успешно
2024-10-15 10:56:41.256 | INFO     | __main__:<module>:58 - Подписка прошла успешно
2024-10-15 10:56:44.308 | INFO     | __main__:on_message:30 - Успешно принято сообщение - on
2024-10-15 10:56:46.196 | INFO     | __main__:on_message:30 - Успешно принято сообщение - on
2024-10-15 10:56:48.199 | INFO     | __main__:on_message:30 - Успешно принято сообщение - on
2024-10-15 10:56:50.359 | INFO     | __main__:on_message:30 - Успешно принято сообщение - on
2024-10-15 10:57:00.278 | INFO     | __main__:on_message:30 - Успешно принято сообщение - off
2024-10-15 10:57:02.224 | INFO     | __main__:on_message:30 - Успешно принято сообщение - off
2024-10-15 10:57:04.278 | INFO     | __main__:on_message:30 - Успешно принято сообщение - on
2024-10-15 10:57:06.320 | INFO     | __main__:on_message:30 - Успешно принято сообщение - off
2024-10-15 10:57:08.266 | INFO     | __main__:on_message:30 - Успешно принято сообщение - off
2024-10-15 10:57:10.322 | INFO     | __main__:on_message:30 - Успешно принято сообщение - on
2024-10-15 10:57:12.262 | INFO     | __main__:on_message:30 - Успешно принято сообщение - on
2024-10-15 10:57:27.113 | INFO     | __main__:on_message:30 - Успешно принято сообщение - on
2024-10-15 10:57:29.052 | INFO     | __main__:on_message:30 - Успешно принято сообщение - on
2024-10-15 10:57:31.100 | INFO     | __main__:on_message:30 - Успешно принято сообщение - on
2024-10-15 10:57:33.050 | INFO     | __main__:on_message:30 - Успешно принято сообщение - on
2024-10-15 10:57:35.103 | INFO     | __main__:on_message:30 - Успешно принято сообщение - on
2024-10-15 10:57:37.039 | INFO     | __main__:on_message:30 - Успешно принято сообщение - on
2024-10-15 10:57:39.087 | INFO     | __main__:on_message:30 - Успешно принято сообщение - on
2024-10-15 10:57:41.139 | INFO     | __main__:on_message:30 - Успешно принято сообщение - on
2024-10-15 10:57:43.184 | INFO     | __main__:on_message:30 - Успешно принято сообщение - on
2024-10-15 10:57:45.131 | INFO     | __main__:on_message:30 - Успешно принято сообщение - on
2024-10-15 10:57:47.183 | INFO     | __main__:on_message:30 - Успешно принято сообщение - on
2024-10-15 10:58:44.045 | INFO     | __main__:<module>:43 - Уникальный id выдан успешно
2024-10-15 10:58:44.340 | INFO     | __main__:<module>:58 - Подписка прошла успешно
2024-10-15 10:58:47.286 | INFO     | __main__:on_message:30 - Успешно принято сообщение - on
2024-10-15 10:58:49.334 | INFO     | __main__:on_message:30 - Успешно принято сообщение - on
2024-10-15 10:58:51.282 | INFO     | __main__:on_message:30 - Успешно принято сообщение - on
2024-10-15 10:58:53.429 | INFO     | __main__:on_message:30 - Успешно принято сообщение - off
2024-10-15 10:58:55.376 | INFO     | __main__:on_message:30 - Успешно принято сообщение - off
2024-10-15 10:58:57.334 | INFO     | __main__:on_message:30 - Успешно принято сообщение - on
2024-10-15 10:58:59.388 | INFO     | __main__:on_message:30 - Успешно принято сообщение - on
2024-10-15 10:59:01.327 | INFO     | __main__:on_message:30 - Успешно принято сообщение - on
2024-10-15 10:59:03.362 | INFO     | __main__:on_message:30 - Успешно принято сообщение - on
2024-10-15 10:59:05.410 | INFO     | __main__:on_message:30 - Успешно принято сообщение - on
2024-10-15 10:59:07.459 | INFO     | __main__:on_message:30 - Успешно принято сообщение - on
2024-10-15 10:59:09.430 | INFO     | __main__:on_message:30 - Успешно принято сообщение - on
